<?xml version="1.0" encoding="UTF-8"?>
<!-- Generated by org.testng.reporters.JUnitReportReporter -->
<testsuite skipped="0" hostname="nexus" name="com.crm.runner.TestRunner" tests="1" failures="0" timestamp="18 Sep 2019 20:55:26 GMT" time="16.343" errors="0">
  <testcase name="feature" time="16.343" classname="com.crm.runner.TestRunner"/>
</testsuite> <!-- com.crm.runner.TestRunner -->
